<?xml version="1.0" encoding="UTF-8"?>
<!-- Generated by org.testng.reporters.JUnitReportReporter -->
<testsuite hostname="ghost" failures="0" tests="2" name="org.scture.FPObjectTest" time="99.006" errors="0" timestamp="2021-12-25T21:50:57 IST" skipped="0">
  <testcase classname="org.scture.FPObjectTest" name="loginCheckoutUsingDirectBankTranfer" time="55.079"/>
  <system-out/>
  <testcase classname="org.scture.FPObjectTest" name="guestCheckoutusingDirectBanktranfer" time="43.927"/>
  <system-out/>
</testsuite> <!-- org.scture.FPObjectTest -->
