<?xml version="1.0" encoding="UTF-8"?>
<!-- Generated by org.testng.reporters.JUnitReportReporter -->
<testsuite hostname="ghost" failures="0" tests="2" name="org.scture.FPObjectTest" time="92.272" errors="0" timestamp="2021-12-25T16:59:42 IST" skipped="0">
  <testcase classname="org.scture.FPObjectTest" name="guestCheckoutusingDirectBanktranfer" time="40.498"/>
  <system-out/>
  <testcase classname="org.scture.FPObjectTest" name="loginCheckoutUsingDirectBankTranfer" time="51.774"/>
  <system-out/>
</testsuite> <!-- org.scture.FPObjectTest -->
