<?xml version="1.0" encoding="UTF-8"?>
<!-- Generated by org.testng.reporters.JUnitReportReporter -->
<testsuite hostname="ghost" failures="0" tests="2" name="org.scture.Synchronization" time="36.919" errors="0" timestamp="2021-12-25T16:59:42 IST" skipped="0">
  <testcase classname="org.scture.Synchronization" name="guestCheckoutusingDirectBanktranfer" time="25.068"/>
  <system-out/>
  <testcase classname="org.scture.Synchronization" name="loginCheckoutUsingDirectBankTranfer" time="11.851"/>
  <system-out/>
</testsuite> <!-- org.scture.Synchronization -->
